2025-08-10 08:23:33,536 - WARNING - Failed to initialize MonoGS backend: 'model_params'
2025-08-10 08:24:19,905 - WARNING - Failed to initialize MonoGS backend: 'model_params'
2025-08-10 08:24:19,905 - INFO - Starting Hybrid SLAM System...
2025-08-10 09:50:27,763 - WARNING - Failed to initialize MonoGS backend: 'model_params'
2025-08-10 09:50:28,193 - INFO - Starting Hybrid SLAM System...
2025-08-10 09:50:50,800 - INFO - Initialized dataset: StereoCameraDataset
2025-08-10 09:50:51,809 - INFO - Main processing loop completed
2025-08-10 09:50:51,809 - INFO - Shutting down Hybrid SLAM System...
2025-08-10 09:55:19,909 - INFO - Starting Hybrid SLAM System...
2025-08-10 09:55:19,911 - INFO - Initialized dataset: MockStereoDataset
2025-08-10 09:55:34,868 - INFO - Starting Hybrid SLAM System...
2025-08-10 09:55:34,869 - INFO - Initialized dataset: MockStereoDataset
2025-08-10 09:56:41,642 - WARNING - Failed to initialize MonoGS backend: 'model_params'
2025-08-10 09:56:41,967 - INFO - Starting Hybrid SLAM System...
2025-08-10 09:57:04,362 - INFO - Initialized dataset: StereoCameraDataset
2025-08-10 09:57:05,370 - INFO - Main processing loop completed
2025-08-10 09:57:05,370 - INFO - Shutting down Hybrid SLAM System...
2025-08-10 10:00:06,295 - INFO - Starting Hybrid SLAM System...
2025-08-10 10:00:06,296 - INFO - Initialized dataset: MockStereoDataset
2025-08-10 10:00:12,448 - INFO - Received shutdown signal
2025-08-10 10:00:12,449 - INFO - Shutting down Hybrid SLAM System...
2025-08-10 10:02:20,863 - INFO - Starting Hybrid SLAM System...
2025-08-10 10:02:20,865 - INFO - Initialized dataset: MockStereoDataset
2025-08-10 10:02:35,572 - INFO - Starting Hybrid SLAM System...
2025-08-10 10:02:35,574 - INFO - Initialized dataset: MockStereoDataset
2025-08-10 10:03:24,160 - INFO - Starting Hybrid SLAM System...
2025-08-10 10:03:24,164 - INFO - Initialized dataset: MockStereoDataset
2025-08-10 10:03:26,170 - INFO - Received shutdown signal
2025-08-10 10:03:26,170 - INFO - Shutting down Hybrid SLAM System...
2025-08-10 10:04:28,685 - INFO - Starting Hybrid SLAM System...
2025-08-10 10:04:28,688 - INFO - Initialized dataset: MockStereoDataset
2025-08-10 10:04:29,723 - INFO - Received shutdown signal
2025-08-10 10:04:29,723 - INFO - Shutting down Hybrid SLAM System...
2025-08-10 10:05:45,054 - INFO - Starting Hybrid SLAM System...
2025-08-10 10:05:45,055 - INFO - Initialized dataset: MockStereoDataset
2025-08-10 10:05:59,180 - INFO - Starting Hybrid SLAM System...
2025-08-10 10:05:59,182 - INFO - Initialized dataset: MockStereoDataset
2025-08-10 10:06:54,990 - INFO - Starting Hybrid SLAM System...
2025-08-10 10:06:54,992 - INFO - Initialized dataset: MockStereoDataset
2025-08-10 10:07:02,018 - INFO - Received shutdown signal
2025-08-10 10:07:02,019 - INFO - Shutting down Hybrid SLAM System...
2025-08-10 10:07:28,226 - INFO - Starting Hybrid SLAM System...
2025-08-10 10:07:51,583 - INFO - Initialized dataset: StereoCameraDataset
2025-08-10 10:07:52,595 - INFO - Main processing loop completed
2025-08-10 10:07:52,595 - INFO - Shutting down Hybrid SLAM System...
2025-08-10 10:11:29,429 - INFO - Starting Hybrid SLAM System...
2025-08-10 10:12:03,593 - INFO - Starting Hybrid SLAM System...
2025-08-10 10:13:47,276 - INFO - Starting Hybrid SLAM System...
2025-08-10 10:13:47,278 - INFO - Initialized dataset: MockStereoDataset
2025-08-10 10:14:49,414 - INFO - Main processing loop completed
2025-08-10 10:14:49,414 - INFO - Shutting down Hybrid SLAM System...
2025-08-10 10:15:44,678 - INFO - Starting Hybrid SLAM System...
2025-08-10 10:16:09,344 - INFO - Initialized dataset: StereoCameraDataset
2025-08-10 10:18:39,558 - INFO - Starting Hybrid SLAM System...
2025-08-10 10:18:39,559 - INFO - Initialized dataset: MockStereoDataset
2025-08-10 10:19:00,060 - INFO - Starting Hybrid SLAM System...
2025-08-10 10:19:00,062 - INFO - Initialized dataset: MockStereoDataset
2025-08-10 10:20:23,670 - INFO - Starting Hybrid SLAM System...
2025-08-10 10:20:23,672 - INFO - Initialized dataset: MockStereoDataset
2025-08-10 10:21:25,680 - INFO - Main processing loop completed
2025-08-10 10:21:25,680 - INFO - Shutting down Hybrid SLAM System...
2025-08-10 10:22:45,734 - INFO - Starting Hybrid SLAM System...
2025-08-10 10:22:45,735 - INFO - Initialized dataset: MockStereoDataset
2025-08-10 10:22:49,834 - WARNING - Failed to initialize MonoGS backend: 'model_params'
2025-08-10 10:22:50,178 - INFO - Starting Hybrid SLAM System...
2025-08-10 10:23:14,381 - INFO - Initialized dataset: StereoCameraDataset
2025-08-10 10:23:18,844 - INFO - Starting Hybrid SLAM System...
2025-08-10 10:23:18,845 - INFO - Initialized dataset: MockStereoDataset
2025-08-10 10:25:17,435 - WARNING - Failed to initialize MonoGS backend: 'model_params'
2025-08-10 10:25:17,768 - INFO - Starting Hybrid SLAM System...
2025-08-10 10:25:41,223 - INFO - Initialized dataset: StereoCameraDataset
2025-08-10 10:28:07,500 - INFO - Starting Hybrid SLAM System...
2025-08-10 10:28:07,501 - INFO - Initialized dataset: MockStereoDataset
2025-08-10 10:28:27,648 - INFO - Starting Hybrid SLAM System...
2025-08-10 10:28:27,649 - INFO - Initialized dataset: MockStereoDataset
2025-08-10 10:43:56,191 - WARNING - Failed to initialize MonoGS backend: 'model_params'
2025-08-10 10:43:56,450 - INFO - Starting Hybrid SLAM System...
2025-08-10 10:44:19,284 - INFO - Initialized dataset: StereoCameraDataset
2025-08-10 10:51:53,975 - INFO - Starting Hybrid SLAM System...
2025-08-10 10:51:53,976 - INFO - Initialized dataset: MockStereoDataset
2025-08-10 14:29:34,472 - INFO - Starting Hybrid SLAM System...
2025-08-10 14:29:34,474 - INFO - Initialized dataset: MockStereoDataset
2025-08-10 14:31:05,438 - INFO - Starting Hybrid SLAM System...
2025-08-10 14:31:05,440 - INFO - Initialized dataset: MockStereoDataset
2025-08-10 14:34:26,430 - INFO - Starting Hybrid SLAM System...
2025-08-10 14:34:26,436 - INFO - Initialized dataset: MockStereoDataset
2025-08-10 14:45:20,122 - INFO - Starting Hybrid SLAM System...
2025-08-10 14:45:20,125 - INFO - Initialized dataset: MockStereoDataset
2025-08-10 14:46:41,728 - INFO - Starting Hybrid SLAM System...
2025-08-10 14:46:41,730 - INFO - Initialized dataset: MockStereoDataset
2025-08-10 14:52:09,857 - INFO - Starting Hybrid SLAM System...
2025-08-10 14:52:09,857 - INFO - Initialized dataset: MockStereoDataset
2025-08-10 14:52:50,360 - INFO - Received shutdown signal
2025-08-10 14:52:50,360 - INFO - Shutting down Hybrid SLAM System...
2025-08-10 14:55:23,840 - INFO - Starting Hybrid SLAM System...
2025-08-10 14:55:23,853 - INFO - Initialized dataset: MockStereoDataset
2025-08-10 14:57:38,269 - INFO - Starting Hybrid SLAM System...
2025-08-10 14:57:38,272 - INFO - Initialized dataset: MockStereoDataset
2025-08-10 16:28:17,871 - INFO - Starting Hybrid SLAM System...
2025-08-10 16:28:17,876 - INFO - Initialized dataset: MockStereoDataset
2025-08-10 16:29:28,795 - INFO - Received shutdown signal
2025-08-10 16:29:28,795 - INFO - Shutting down Hybrid SLAM System...
2025-08-10 16:30:05,447 - INFO - Starting Hybrid SLAM System...
2025-08-10 16:30:05,450 - INFO - Initialized dataset: MockStereoDataset
2025-08-10 16:30:09,176 - INFO - Received shutdown signal
2025-08-10 16:30:09,176 - INFO - Shutting down Hybrid SLAM System...
2025-08-10 16:42:47,456 - INFO - Starting Hybrid SLAM System...
2025-08-10 16:42:47,460 - INFO - Initialized dataset: MockStereoDataset
2025-08-10 16:42:57,726 - INFO - Received shutdown signal
2025-08-10 16:42:57,727 - INFO - Shutting down Hybrid SLAM System...
2025-08-10 19:42:28,663 - INFO - Starting Hybrid SLAM System...
2025-08-10 19:42:28,666 - INFO - Initialized dataset: MockStereoDataset
2025-08-10 19:42:28,757 - ERROR - SLAM system error: StereoFrame.__init__() got an unexpected keyword argument 'num_features'
2025-08-10 19:42:28,757 - INFO - Shutting down Hybrid SLAM System...
2025-08-10 19:43:07,327 - INFO - Starting Hybrid SLAM System...
2025-08-10 19:43:07,329 - INFO - Initialized dataset: MockStereoDataset
2025-08-10 19:43:07,420 - ERROR - SLAM system error: StereoFrame.__init__() got an unexpected keyword argument 'num_features'
2025-08-10 19:43:07,421 - INFO - Shutting down Hybrid SLAM System...
2025-08-10 19:44:17,284 - INFO - Starting Hybrid SLAM System...
2025-08-10 19:44:17,290 - INFO - Initialized dataset: MockStereoDataset
2025-08-10 20:36:01,766 - INFO - Starting Hybrid SLAM System...
2025-08-10 20:36:01,768 - INFO - Initialized dataset: MockStereoDataset
2025-08-11 19:15:15,839 - INFO - Starting Hybrid SLAM System...
2025-08-11 19:15:15,841 - INFO - Initialized dataset: MockStereoDataset
2025-08-11 19:15:23,613 - INFO - Main processing loop completed
2025-08-11 19:15:23,613 - INFO - Shutting down Hybrid SLAM System...
